mode: set
github.com/wgliang/goreporter/linters/simplecode/simple/lint.go:24.28,28.2 1 1
github.com/wgliang/goreporter/linters/simplecode/simple/lint.go:29.39,29.41 0 1
github.com/wgliang/goreporter/linters/simplecode/simple/lint.go:31.48,61.2 1 1
github.com/wgliang/goreporter/linters/simplecode/simple/lint.go:63.66,64.22 1 1
github.com/wgliang/goreporter/linters/simplecode/simple/lint.go:67.2,68.26 2 1
github.com/wgliang/goreporter/linters/simplecode/simple/lint.go:73.2,73.12 1 1
github.com/wgliang/goreporter/linters/simplecode/simple/lint.go:64.22,66.3 1 0
github.com/wgliang/goreporter/linters/simplecode/simple/lint.go:68.26,69.27 1 1
github.com/wgliang/goreporter/linters/simplecode/simple/lint.go:69.27,71.4 1 1
github.com/wgliang/goreporter/linters/simplecode/simple/lint.go:76.53,77.45 1 1
github.com/wgliang/goreporter/linters/simplecode/simple/lint.go:85.2,86.33 2 1
github.com/wgliang/goreporter/linters/simplecode/simple/lint.go:113.2,113.55 1 1
github.com/wgliang/goreporter/linters/simplecode/simple/lint.go:77.45,79.10 2 1
github.com/wgliang/goreporter/linters/simplecode/simple/lint.go:82.3,82.31 1 1
github.com/wgliang/goreporter/linters/simplecode/simple/lint.go:79.10,81.4 1 1
github.com/wgliang/goreporter/linters/simplecode/simple/lint.go:86.33,87.27 1 1
github.com/wgliang/goreporter/linters/simplecode/simple/lint.go:111.3,111.14 1 1
github.com/wgliang/goreporter/linters/simplecode/simple/lint.go:88.21,89.29 1 1
github.com/wgliang/goreporter/linters/simplecode/simple/lint.go:92.4,92.39 1 1
github.com/wgliang/goreporter/linters/simplecode/simple/lint.go:95.4,95.105 1 1
github.com/wgliang/goreporter/linters/simplecode/simple/lint.go:99.4,100.71 2 1
github.com/wgliang/goreporter/linters/simplecode/simple/lint.go:101.24,102.28 1 1
github.com/wgliang/goreporter/linters/simplecode/simple/lint.go:105.4,105.26 1 1
github.com/wgliang/goreporter/linters/simplecode/simple/lint.go:108.4,109.15 2 1
github.com/wgliang/goreporter/linters/simplecode/simple/lint.go:89.29,91.5 1 1
github.com/wgliang/goreporter/linters/simplecode/simple/lint.go:92.39,94.5 1 1
github.com/wgliang/goreporter/linters/simplecode/simple/lint.go:95.105,98.5 1 1
github.com/wgliang/goreporter/linters/simplecode/simple/lint.go:102.28,104.5 1 1
github.com/wgliang/goreporter/linters/simplecode/simple/lint.go:105.26,107.5 1 1
github.com/wgliang/goreporter/linters/simplecode/simple/lint.go:113.55,115.3 1 1
github.com/wgliang/goreporter/linters/simplecode/simple/lint.go:118.45,119.33 1 1
github.com/wgliang/goreporter/linters/simplecode/simple/lint.go:193.2,193.55 1 1
github.com/wgliang/goreporter/linters/simplecode/simple/lint.go:119.33,121.10 2 1
github.com/wgliang/goreporter/linters/simplecode/simple/lint.go:125.3,125.22 1 1
github.com/wgliang/goreporter/linters/simplecode/simple/lint.go:128.3,128.31 1 1
github.com/wgliang/goreporter/linters/simplecode/simple/lint.go:131.3,132.10 2 1
github.com/wgliang/goreporter/linters/simplecode/simple/lint.go:135.3,135.75 1 1
github.com/wgliang/goreporter/linters/simplecode/simple/lint.go:138.3,139.10 2 1
github.com/wgliang/goreporter/linters/simplecode/simple/lint.go:142.3,142.64 1 1
github.com/wgliang/goreporter/linters/simplecode/simple/lint.go:145.3,146.10 2 1
github.com/wgliang/goreporter/linters/simplecode/simple/lint.go:149.3,150.10 2 1
github.com/wgliang/goreporter/linters/simplecode/simple/lint.go:153.3,153.85 1 1
github.com/wgliang/goreporter/linters/simplecode/simple/lint.go:156.3,156.68 1 1
github.com/wgliang/goreporter/linters/simplecode/simple/lint.go:159.3,159.87 1 1
github.com/wgliang/goreporter/linters/simplecode/simple/lint.go:162.3,162.65 1 1
github.com/wgliang/goreporter/linters/simplecode/simple/lint.go:166.3,166.50 1 1
github.com/wgliang/goreporter/linters/simplecode/simple/lint.go:190.3,191.14 2 1
github.com/wgliang/goreporter/linters/simplecode/simple/lint.go:121.10,123.4 1 1
github.com/wgliang/goreporter/linters/simplecode/simple/lint.go:125.22,127.4 1 0
github.com/wgliang/goreporter/linters/simplecode/simple/lint.go:128.31,130.4 1 1
github.com/wgliang/goreporter/linters/simplecode/simple/lint.go:132.10,134.4 1 0
github.com/wgliang/goreporter/linters/simplecode/simple/lint.go:135.75,137.4 1 1
github.com/wgliang/goreporter/linters/simplecode/simple/lint.go:139.10,141.4 1 1
github.com/wgliang/goreporter/linters/simplecode/simple/lint.go:142.64,144.4 1 1
github.com/wgliang/goreporter/linters/simplecode/simple/lint.go:146.10,148.4 1 0
github.com/wgliang/goreporter/linters/simplecode/simple/lint.go:150.10,152.4 1 0
github.com/wgliang/goreporter/linters/simplecode/simple/lint.go:153.85,155.4 1 0
github.com/wgliang/goreporter/linters/simplecode/simple/lint.go:156.68,158.4 1 0
github.com/wgliang/goreporter/linters/simplecode/simple/lint.go:159.87,161.4 1 1
github.com/wgliang/goreporter/linters/simplecode/simple/lint.go:162.65,164.4 1 0
github.com/wgliang/goreporter/linters/simplecode/simple/lint.go:166.50,169.11 3 1
github.com/wgliang/goreporter/linters/simplecode/simple/lint.go:172.4,173.11 2 1
github.com/wgliang/goreporter/linters/simplecode/simple/lint.go:176.4,176.69 1 1
github.com/wgliang/goreporter/linters/simplecode/simple/lint.go:169.11,171.5 1 0
github.com/wgliang/goreporter/linters/simplecode/simple/lint.go:173.11,175.5 1 0
github.com/wgliang/goreporter/linters/simplecode/simple/lint.go:176.69,178.5 1 0
github.com/wgliang/goreporter/linters/simplecode/simple/lint.go:179.4,179.53 1 1
github.com/wgliang/goreporter/linters/simplecode/simple/lint.go:179.53,181.11 2 1
github.com/wgliang/goreporter/linters/simplecode/simple/lint.go:184.4,184.70 1 1
github.com/wgliang/goreporter/linters/simplecode/simple/lint.go:181.11,183.5 1 0
github.com/wgliang/goreporter/linters/simplecode/simple/lint.go:184.70,186.5 1 0
github.com/wgliang/goreporter/linters/simplecode/simple/lint.go:187.4,189.4 1 0
github.com/wgliang/goreporter/linters/simplecode/simple/lint.go:193.55,195.3 1 1
github.com/wgliang/goreporter/linters/simplecode/simple/lint.go:198.46,199.33 1 1
github.com/wgliang/goreporter/linters/simplecode/simple/lint.go:235.2,235.55 1 1
github.com/wgliang/goreporter/linters/simplecode/simple/lint.go:199.33,201.60 2 1
github.com/wgliang/goreporter/linters/simplecode/simple/lint.go:204.3,206.15 3 1
github.com/wgliang/goreporter/linters/simplecode/simple/lint.go:209.3,211.8 3 1
github.com/wgliang/goreporter/linters/simplecode/simple/lint.go:218.3,219.40 2 1
github.com/wgliang/goreporter/linters/simplecode/simple/lint.go:222.3,223.70 2 1
github.com/wgliang/goreporter/linters/simplecode/simple/lint.go:226.3,229.25 4 1
github.com/wgliang/goreporter/linters/simplecode/simple/lint.go:232.3,233.14 2 1
github.com/wgliang/goreporter/linters/simplecode/simple/lint.go:201.60,203.4 1 1
github.com/wgliang/goreporter/linters/simplecode/simple/lint.go:206.15,208.4 1 1
github.com/wgliang/goreporter/linters/simplecode/simple/lint.go:211.8,214.4 2 0
github.com/wgliang/goreporter/linters/simplecode/simple/lint.go:214.4,217.4 2 1
github.com/wgliang/goreporter/linters/simplecode/simple/lint.go:219.40,221.4 1 1
github.com/wgliang/goreporter/linters/simplecode/simple/lint.go:223.70,225.4 1 1
github.com/wgliang/goreporter/linters/simplecode/simple/lint.go:229.25,231.4 1 1
github.com/wgliang/goreporter/linters/simplecode/simple/lint.go:235.55,237.3 1 1
github.com/wgliang/goreporter/linters/simplecode/simple/lint.go:240.52,246.33 2 1
github.com/wgliang/goreporter/linters/simplecode/simple/lint.go:307.2,307.55 1 1
github.com/wgliang/goreporter/linters/simplecode/simple/lint.go:246.33,248.10 2 1
github.com/wgliang/goreporter/linters/simplecode/simple/lint.go:251.3,251.18 1 1
github.com/wgliang/goreporter/linters/simplecode/simple/lint.go:257.3,258.10 2 1
github.com/wgliang/goreporter/linters/simplecode/simple/lint.go:262.3,263.10 2 1
github.com/wgliang/goreporter/linters/simplecode/simple/lint.go:266.3,267.10 2 1
github.com/wgliang/goreporter/linters/simplecode/simple/lint.go:271.3,272.10 2 1
github.com/wgliang/goreporter/linters/simplecode/simple/lint.go:275.3,276.10 2 1
github.com/wgliang/goreporter/linters/simplecode/simple/lint.go:279.3,280.10 2 1
github.com/wgliang/goreporter/linters/simplecode/simple/lint.go:283.3,284.61 2 1
github.com/wgliang/goreporter/linters/simplecode/simple/lint.go:287.3,288.24 2 1
github.com/wgliang/goreporter/linters/simplecode/simple/lint.go:299.3,300.9 2 1
github.com/wgliang/goreporter/linters/simplecode/simple/lint.go:303.3,305.14 2 1
github.com/wgliang/goreporter/linters/simplecode/simple/lint.go:248.10,250.4 1 1
github.com/wgliang/goreporter/linters/simplecode/simple/lint.go:252.62,252.62 0 1
github.com/wgliang/goreporter/linters/simplecode/simple/lint.go:253.11,254.15 1 1
github.com/wgliang/goreporter/linters/simplecode/simple/lint.go:258.10,260.4 1 1
github.com/wgliang/goreporter/linters/simplecode/simple/lint.go:263.10,265.4 1 1
github.com/wgliang/goreporter/linters/simplecode/simple/lint.go:267.10,269.4 1 1
github.com/wgliang/goreporter/linters/simplecode/simple/lint.go:272.10,274.4 1 0
github.com/wgliang/goreporter/linters/simplecode/simple/lint.go:276.10,278.4 1 1
github.com/wgliang/goreporter/linters/simplecode/simple/lint.go:280.10,282.4 1 0
github.com/wgliang/goreporter/linters/simplecode/simple/lint.go:284.61,286.4 1 0
github.com/wgliang/goreporter/linters/simplecode/simple/lint.go:289.20,290.28 1 1
github.com/wgliang/goreporter/linters/simplecode/simple/lint.go:291.19,292.27 1 1
github.com/wgliang/goreporter/linters/simplecode/simple/lint.go:293.16,294.24 1 1
github.com/wgliang/goreporter/linters/simplecode/simple/lint.go:295.11,296.15 1 1
github.com/wgliang/goreporter/linters/simplecode/simple/lint.go:300.9,302.4 1 1
github.com/wgliang/goreporter/linters/simplecode/simple/lint.go:307.55,309.3 1 1
github.com/wgliang/goreporter/linters/simplecode/simple/lint.go:312.49,313.33 1 1
github.com/wgliang/goreporter/linters/simplecode/simple/lint.go:340.2,340.55 1 1
github.com/wgliang/goreporter/linters/simplecode/simple/lint.go:313.33,315.10 2 1
github.com/wgliang/goreporter/linters/simplecode/simple/lint.go:318.3,318.51 1 1
github.com/wgliang/goreporter/linters/simplecode/simple/lint.go:321.3,322.10 2 1
github.com/wgliang/goreporter/linters/simplecode/simple/lint.go:325.3,325.51 1 1
github.com/wgliang/goreporter/linters/simplecode/simple/lint.go:328.3,329.24 2 1
github.com/wgliang/goreporter/linters/simplecode/simple/lint.go:332.3,334.27 3 1
github.com/wgliang/goreporter/linters/simplecode/simple/lint.go:337.3,338.14 2 1
github.com/wgliang/goreporter/linters/simplecode/simple/lint.go:315.10,317.4 1 1
github.com/wgliang/goreporter/linters/simplecode/simple/lint.go:318.51,320.4 1 1
github.com/wgliang/goreporter/linters/simplecode/simple/lint.go:322.10,324.4 1 1
github.com/wgliang/goreporter/linters/simplecode/simple/lint.go:325.51,327.4 1 1
github.com/wgliang/goreporter/linters/simplecode/simple/lint.go:329.24,331.4 1 0
github.com/wgliang/goreporter/linters/simplecode/simple/lint.go:334.27,336.4 1 1
github.com/wgliang/goreporter/linters/simplecode/simple/lint.go:340.55,342.3 1 1
github.com/wgliang/goreporter/linters/simplecode/simple/lint.go:345.43,346.33 1 1
github.com/wgliang/goreporter/linters/simplecode/simple/lint.go:357.2,357.55 1 1
github.com/wgliang/goreporter/linters/simplecode/simple/lint.go:346.33,348.10 2 1
github.com/wgliang/goreporter/linters/simplecode/simple/lint.go:351.3,351.74 1 1
github.com/wgliang/goreporter/linters/simplecode/simple/lint.go:355.3,355.14 1 1
github.com/wgliang/goreporter/linters/simplecode/simple/lint.go:348.10,350.4 1 1
github.com/wgliang/goreporter/linters/simplecode/simple/lint.go:351.74,353.4 1 1
github.com/wgliang/goreporter/linters/simplecode/simple/lint.go:357.55,359.3 1 1
github.com/wgliang/goreporter/linters/simplecode/simple/lint.go:362.44,363.33 1 1
github.com/wgliang/goreporter/linters/simplecode/simple/lint.go:377.2,377.55 1 1
github.com/wgliang/goreporter/linters/simplecode/simple/lint.go:363.33,365.10 2 1
github.com/wgliang/goreporter/linters/simplecode/simple/lint.go:368.3,368.43 1 1
github.com/wgliang/goreporter/linters/simplecode/simple/lint.go:371.3,371.59 1 1
github.com/wgliang/goreporter/linters/simplecode/simple/lint.go:374.3,375.14 2 1
github.com/wgliang/goreporter/linters/simplecode/simple/lint.go:365.10,367.4 1 1
github.com/wgliang/goreporter/linters/simplecode/simple/lint.go:368.43,370.4 1 1
github.com/wgliang/goreporter/linters/simplecode/simple/lint.go:371.59,373.4 1 1
github.com/wgliang/goreporter/linters/simplecode/simple/lint.go:377.55,379.3 1 1
github.com/wgliang/goreporter/linters/simplecode/simple/lint.go:382.46,383.33 1 1
github.com/wgliang/goreporter/linters/simplecode/simple/lint.go:437.2,437.55 1 1
github.com/wgliang/goreporter/linters/simplecode/simple/lint.go:383.33,385.10 2 1
github.com/wgliang/goreporter/linters/simplecode/simple/lint.go:388.3,389.50 1 1
github.com/wgliang/goreporter/linters/simplecode/simple/lint.go:392.3,393.10 2 1
github.com/wgliang/goreporter/linters/simplecode/simple/lint.go:396.3,396.26 1 1
github.com/wgliang/goreporter/linters/simplecode/simple/lint.go:400.3,401.10 2 1
github.com/wgliang/goreporter/linters/simplecode/simple/lint.go:405.3,405.31 1 1
github.com/wgliang/goreporter/linters/simplecode/simple/lint.go:409.3,409.26 1 1
github.com/wgliang/goreporter/linters/simplecode/simple/lint.go:413.3,414.35 2 1
github.com/wgliang/goreporter/linters/simplecode/simple/lint.go:418.3,419.25 2 1
github.com/wgliang/goreporter/linters/simplecode/simple/lint.go:434.3,435.14 2 1
github.com/wgliang/goreporter/linters/simplecode/simple/lint.go:385.10,387.4 1 1
github.com/wgliang/goreporter/linters/simplecode/simple/lint.go:389.50,391.4 1 1
github.com/wgliang/goreporter/linters/simplecode/simple/lint.go:393.10,395.4 1 0
github.com/wgliang/goreporter/linters/simplecode/simple/lint.go:396.26,399.4 1 0
github.com/wgliang/goreporter/linters/simplecode/simple/lint.go:401.10,404.4 1 1
github.com/wgliang/goreporter/linters/simplecode/simple/lint.go:405.31,408.4 1 0
github.com/wgliang/goreporter/linters/simplecode/simple/lint.go:409.26,412.4 1 1
github.com/wgliang/goreporter/linters/simplecode/simple/lint.go:414.35,416.4 1 0
github.com/wgliang/goreporter/linters/simplecode/simple/lint.go:419.25,420.24 1 1
github.com/wgliang/goreporter/linters/simplecode/simple/lint.go:424.4,424.23 1 1
github.com/wgliang/goreporter/linters/simplecode/simple/lint.go:428.4,428.10 1 1
github.com/wgliang/goreporter/linters/simplecode/simple/lint.go:420.24,422.13 2 1
github.com/wgliang/goreporter/linters/simplecode/simple/lint.go:424.23,426.13 2 1
github.com/wgliang/goreporter/linters/simplecode/simple/lint.go:428.10,431.5 1 1
github.com/wgliang/goreporter/linters/simplecode/simple/lint.go:437.55,439.3 1 1
github.com/wgliang/goreporter/linters/simplecode/simple/lint.go:442.45,443.33 1 1
github.com/wgliang/goreporter/linters/simplecode/simple/lint.go:504.2,504.55 1 1
github.com/wgliang/goreporter/linters/simplecode/simple/lint.go:443.33,445.10 2 1
github.com/wgliang/goreporter/linters/simplecode/simple/lint.go:448.3,449.12 2 1
github.com/wgliang/goreporter/linters/simplecode/simple/lint.go:452.3,454.27 2 1
github.com/wgliang/goreporter/linters/simplecode/simple/lint.go:463.3,464.10 2 1
github.com/wgliang/goreporter/linters/simplecode/simple/lint.go:467.3,467.41 1 1
github.com/wgliang/goreporter/linters/simplecode/simple/lint.go:470.3,470.30 1 1
github.com/wgliang/goreporter/linters/simplecode/simple/lint.go:473.3,473.47 1 1
github.com/wgliang/goreporter/linters/simplecode/simple/lint.go:480.3,481.10 2 1
github.com/wgliang/goreporter/linters/simplecode/simple/lint.go:484.3,484.29 1 1
github.com/wgliang/goreporter/linters/simplecode/simple/lint.go:487.3,487.38 1 1
github.com/wgliang/goreporter/linters/simplecode/simple/lint.go:491.3,492.10 2 1
github.com/wgliang/goreporter/linters/simplecode/simple/lint.go:495.3,495.29 1 1
github.com/wgliang/goreporter/linters/simplecode/simple/lint.go:498.3,498.38 1 1
github.com/wgliang/goreporter/linters/simplecode/simple/lint.go:501.3,502.14 2 1
github.com/wgliang/goreporter/linters/simplecode/simple/lint.go:445.10,447.4 1 1
github.com/wgliang/goreporter/linters/simplecode/simple/lint.go:449.12,451.4 1 1
github.com/wgliang/goreporter/linters/simplecode/simple/lint.go:454.27,455.50 1 1
github.com/wgliang/goreporter/linters/simplecode/simple/lint.go:455.50,458.5 1 1
github.com/wgliang/goreporter/linters/simplecode/simple/lint.go:464.10,466.4 1 1
github.com/wgliang/goreporter/linters/simplecode/simple/lint.go:467.41,469.4 1 1
github.com/wgliang/goreporter/linters/simplecode/simple/lint.go:470.30,472.4 1 0
github.com/wgliang/goreporter/linters/simplecode/simple/lint.go:473.47,474.17 1 1
github.com/wgliang/goreporter/linters/simplecode/simple/lint.go:475.74,475.74 0 1
github.com/wgliang/goreporter/linters/simplecode/simple/lint.go:476.12,477.16 1 1
github.com/wgliang/goreporter/linters/simplecode/simple/lint.go:481.10,483.4 1 0
github.com/wgliang/goreporter/linters/simplecode/simple/lint.go:484.29,486.4 1 1
github.com/wgliang/goreporter/linters/simplecode/simple/lint.go:487.38,489.4 1 1
github.com/wgliang/goreporter/linters/simplecode/simple/lint.go:492.10,494.4 1 0
github.com/wgliang/goreporter/linters/simplecode/simple/lint.go:495.29,497.4 1 0
github.com/wgliang/goreporter/linters/simplecode/simple/lint.go:498.38,500.4 1 0
github.com/wgliang/goreporter/linters/simplecode/simple/lint.go:504.55,506.3 1 1
github.com/wgliang/goreporter/linters/simplecode/simple/lint.go:517.61,518.65 1 1
github.com/wgliang/goreporter/linters/simplecode/simple/lint.go:534.2,534.33 1 1
github.com/wgliang/goreporter/linters/simplecode/simple/lint.go:636.2,636.55 1 1
github.com/wgliang/goreporter/linters/simplecode/simple/lint.go:518.65,520.9 2 1
github.com/wgliang/goreporter/linters/simplecode/simple/lint.go:523.3,524.10 2 1
github.com/wgliang/goreporter/linters/simplecode/simple/lint.go:527.3,528.10 2 1
github.com/wgliang/goreporter/linters/simplecode/simple/lint.go:531.3,531.73 1 1
github.com/wgliang/goreporter/linters/simplecode/simple/lint.go:520.9,522.4 1 1
github.com/wgliang/goreporter/linters/simplecode/simple/lint.go:524.10,526.4 1 1
github.com/wgliang/goreporter/linters/simplecode/simple/lint.go:528.10,530.4 1 1
github.com/wgliang/goreporter/linters/simplecode/simple/lint.go:534.33,537.10 2 1
github.com/wgliang/goreporter/linters/simplecode/simple/lint.go:540.3,540.52 1 1
github.com/wgliang/goreporter/linters/simplecode/simple/lint.go:543.3,547.10 3 1
github.com/wgliang/goreporter/linters/simplecode/simple/lint.go:550.3,550.33 1 1
github.com/wgliang/goreporter/linters/simplecode/simple/lint.go:553.3,553.34 1 1
github.com/wgliang/goreporter/linters/simplecode/simple/lint.go:556.3,557.10 2 1
github.com/wgliang/goreporter/linters/simplecode/simple/lint.go:560.3,560.20 1 1
github.com/wgliang/goreporter/linters/simplecode/simple/lint.go:565.3,566.10 2 1
github.com/wgliang/goreporter/linters/simplecode/simple/lint.go:569.3,569.33 1 1
github.com/wgliang/goreporter/linters/simplecode/simple/lint.go:572.3,573.10 2 1
github.com/wgliang/goreporter/linters/simplecode/simple/lint.go:576.3,577.54 2 1
github.com/wgliang/goreporter/linters/simplecode/simple/lint.go:580.3,581.10 2 1
github.com/wgliang/goreporter/linters/simplecode/simple/lint.go:584.3,584.28 1 1
github.com/wgliang/goreporter/linters/simplecode/simple/lint.go:588.3,588.33 1 1
github.com/wgliang/goreporter/linters/simplecode/simple/lint.go:592.3,592.13 1 1
github.com/wgliang/goreporter/linters/simplecode/simple/lint.go:622.3,623.43 2 1
github.com/wgliang/goreporter/linters/simplecode/simple/lint.go:633.3,634.14 2 1
github.com/wgliang/goreporter/linters/simplecode/simple/lint.go:537.10,539.4 1 1
github.com/wgliang/goreporter/linters/simplecode/simple/lint.go:540.52,542.4 1 1
github.com/wgliang/goreporter/linters/simplecode/simple/lint.go:547.10,549.4 1 1
github.com/wgliang/goreporter/linters/simplecode/simple/lint.go:550.33,552.4 1 1
github.com/wgliang/goreporter/linters/simplecode/simple/lint.go:553.34,555.4 1 1
github.com/wgliang/goreporter/linters/simplecode/simple/lint.go:557.10,559.4 1 0
github.com/wgliang/goreporter/linters/simplecode/simple/lint.go:560.20,562.4 1 1
github.com/wgliang/goreporter/linters/simplecode/simple/lint.go:566.10,568.4 1 1
github.com/wgliang/goreporter/linters/simplecode/simple/lint.go:569.33,571.4 1 0
github.com/wgliang/goreporter/linters/simplecode/simple/lint.go:573.10,575.4 1 0
github.com/wgliang/goreporter/linters/simplecode/simple/lint.go:577.54,579.4 1 0
github.com/wgliang/goreporter/linters/simplecode/simple/lint.go:581.10,583.4 1 0
github.com/wgliang/goreporter/linters/simplecode/simple/lint.go:584.28,586.4 1 1
github.com/wgliang/goreporter/linters/simplecode/simple/lint.go:588.33,590.4 1 0
github.com/wgliang/goreporter/linters/simplecode/simple/lint.go:592.13,594.16 2 1
github.com/wgliang/goreporter/linters/simplecode/simple/lint.go:597.4,597.16 1 1
github.com/wgliang/goreporter/linters/simplecode/simple/lint.go:594.16,596.5 1 1
github.com/wgliang/goreporter/linters/simplecode/simple/lint.go:598.19,600.15 1 1
github.com/wgliang/goreporter/linters/simplecode/simple/lint.go:603.19,605.15 1 1
github.com/wgliang/goreporter/linters/simplecode/simple/lint.go:608.19,610.16 1 1
github.com/wgliang/goreporter/linters/simplecode/simple/lint.go:613.19,613.19 0 1
github.com/wgliang/goreporter/linters/simplecode/simple/lint.go:615.12,616.16 1 1
github.com/wgliang/goreporter/linters/simplecode/simple/lint.go:600.15,602.6 1 1
github.com/wgliang/goreporter/linters/simplecode/simple/lint.go:605.15,607.6 1 1
github.com/wgliang/goreporter/linters/simplecode/simple/lint.go:610.16,612.6 1 1
github.com/wgliang/goreporter/linters/simplecode/simple/lint.go:624.21,625.26 1 1
github.com/wgliang/goreporter/linters/simplecode/simple/lint.go:626.19,627.24 1 1
github.com/wgliang/goreporter/linters/simplecode/simple/lint.go:628.20,629.28 1 1
github.com/wgliang/goreporter/linters/simplecode/simple/lint.go:630.11,631.15 1 1
github.com/wgliang/goreporter/linters/simplecode/simple/lint.go:636.55,638.3 1 1
github.com/wgliang/goreporter/linters/simplecode/simple/lint.go:641.44,642.33 1 1
github.com/wgliang/goreporter/linters/simplecode/simple/lint.go:672.2,672.55 1 1
github.com/wgliang/goreporter/linters/simplecode/simple/lint.go:642.33,644.10 2 1
github.com/wgliang/goreporter/linters/simplecode/simple/lint.go:647.3,647.19 1 1
github.com/wgliang/goreporter/linters/simplecode/simple/lint.go:650.3,651.26 2 1
github.com/wgliang/goreporter/linters/simplecode/simple/lint.go:654.3,655.60 2 1
github.com/wgliang/goreporter/linters/simplecode/simple/lint.go:658.3,659.31 2 1
github.com/wgliang/goreporter/linters/simplecode/simple/lint.go:662.3,662.66 1 1
github.com/wgliang/goreporter/linters/simplecode/simple/lint.go:665.3,666.30 2 1
github.com/wgliang/goreporter/linters/simplecode/simple/lint.go:669.3,670.14 2 1
github.com/wgliang/goreporter/linters/simplecode/simple/lint.go:644.10,646.4 1 1
github.com/wgliang/goreporter/linters/simplecode/simple/lint.go:647.19,649.4 1 0
github.com/wgliang/goreporter/linters/simplecode/simple/lint.go:651.26,653.4 1 1
github.com/wgliang/goreporter/linters/simplecode/simple/lint.go:655.60,657.4 1 1
github.com/wgliang/goreporter/linters/simplecode/simple/lint.go:659.31,661.4 1 0
github.com/wgliang/goreporter/linters/simplecode/simple/lint.go:662.66,664.4 1 1
github.com/wgliang/goreporter/linters/simplecode/simple/lint.go:666.30,668.4 1 0
github.com/wgliang/goreporter/linters/simplecode/simple/lint.go:672.55,674.3 1 1
github.com/wgliang/goreporter/linters/simplecode/simple/lint.go:677.71,679.33 2 1
github.com/wgliang/goreporter/linters/simplecode/simple/lint.go:690.2,691.14 2 1
github.com/wgliang/goreporter/linters/simplecode/simple/lint.go:679.33,681.10 2 1
github.com/wgliang/goreporter/linters/simplecode/simple/lint.go:684.3,684.52 1 1
github.com/wgliang/goreporter/linters/simplecode/simple/lint.go:688.3,688.14 1 1
github.com/wgliang/goreporter/linters/simplecode/simple/lint.go:681.10,683.4 1 1
github.com/wgliang/goreporter/linters/simplecode/simple/lint.go:684.52,687.4 2 1
github.com/wgliang/goreporter/linters/simplecode/simple/lint.go:694.47,695.33 1 1
github.com/wgliang/goreporter/linters/simplecode/simple/lint.go:763.2,763.55 1 1
github.com/wgliang/goreporter/linters/simplecode/simple/lint.go:695.33,697.10 2 1
github.com/wgliang/goreporter/linters/simplecode/simple/lint.go:700.3,700.30 1 1
github.com/wgliang/goreporter/linters/simplecode/simple/lint.go:703.3,704.10 2 1
github.com/wgliang/goreporter/linters/simplecode/simple/lint.go:707.3,707.31 1 1
github.com/wgliang/goreporter/linters/simplecode/simple/lint.go:710.3,711.10 2 1
github.com/wgliang/goreporter/linters/simplecode/simple/lint.go:714.3,714.75 1 1
github.com/wgliang/goreporter/linters/simplecode/simple/lint.go:717.3,717.49 1 1
github.com/wgliang/goreporter/linters/simplecode/simple/lint.go:720.3,721.10 2 1
github.com/wgliang/goreporter/linters/simplecode/simple/lint.go:724.3,724.53 1 1
github.com/wgliang/goreporter/linters/simplecode/simple/lint.go:727.3,728.10 2 1
github.com/wgliang/goreporter/linters/simplecode/simple/lint.go:731.3,733.35 3 1
github.com/wgliang/goreporter/linters/simplecode/simple/lint.go:737.3,741.17 3 1
github.com/wgliang/goreporter/linters/simplecode/simple/lint.go:744.3,744.33 1 1
github.com/wgliang/goreporter/linters/simplecode/simple/lint.go:748.3,748.54 1 1
github.com/wgliang/goreporter/linters/simplecode/simple/lint.go:752.3,753.10 2 1
github.com/wgliang/goreporter/linters/simplecode/simple/lint.go:756.3,756.66 1 1
github.com/wgliang/goreporter/linters/simplecode/simple/lint.go:759.3,761.14 2 1
github.com/wgliang/goreporter/linters/simplecode/simple/lint.go:697.10,699.4 1 1
github.com/wgliang/goreporter/linters/simplecode/simple/lint.go:700.30,702.4 1 1
github.com/wgliang/goreporter/linters/simplecode/simple/lint.go:704.10,706.4 1 1
github.com/wgliang/goreporter/linters/simplecode/simple/lint.go:707.31,709.4 1 1
github.com/wgliang/goreporter/linters/simplecode/simple/lint.go:711.10,713.4 1 0
github.com/wgliang/goreporter/linters/simplecode/simple/lint.go:714.75,716.4 1 0
github.com/wgliang/goreporter/linters/simplecode/simple/lint.go:717.49,719.4 1 1
github.com/wgliang/goreporter/linters/simplecode/simple/lint.go:721.10,723.4 1 1
github.com/wgliang/goreporter/linters/simplecode/simple/lint.go:724.53,726.4 1 0
github.com/wgliang/goreporter/linters/simplecode/simple/lint.go:728.10,730.4 1 0
github.com/wgliang/goreporter/linters/simplecode/simple/lint.go:733.35,735.4 1 0
github.com/wgliang/goreporter/linters/simplecode/simple/lint.go:741.17,743.4 1 0
github.com/wgliang/goreporter/linters/simplecode/simple/lint.go:744.33,746.4 1 1
github.com/wgliang/goreporter/linters/simplecode/simple/lint.go:748.54,750.4 1 1
github.com/wgliang/goreporter/linters/simplecode/simple/lint.go:753.10,755.4 1 0
github.com/wgliang/goreporter/linters/simplecode/simple/lint.go:756.66,758.4 1 0
github.com/wgliang/goreporter/linters/simplecode/simple/lint.go:763.55,765.3 1 1
github.com/wgliang/goreporter/linters/simplecode/simple/lint.go:768.46,769.33 1 1
github.com/wgliang/goreporter/linters/simplecode/simple/lint.go:787.2,787.55 1 1
github.com/wgliang/goreporter/linters/simplecode/simple/lint.go:769.33,771.10 2 1
github.com/wgliang/goreporter/linters/simplecode/simple/lint.go:774.3,775.10 2 1
github.com/wgliang/goreporter/linters/simplecode/simple/lint.go:778.3,778.47 1 1
github.com/wgliang/goreporter/linters/simplecode/simple/lint.go:781.3,781.28 1 1
github.com/wgliang/goreporter/linters/simplecode/simple/lint.go:784.3,785.14 2 1
github.com/wgliang/goreporter/linters/simplecode/simple/lint.go:771.10,773.4 1 1
github.com/wgliang/goreporter/linters/simplecode/simple/lint.go:775.10,777.4 1 1
github.com/wgliang/goreporter/linters/simplecode/simple/lint.go:778.47,780.4 1 1
github.com/wgliang/goreporter/linters/simplecode/simple/lint.go:781.28,783.4 1 0
github.com/wgliang/goreporter/linters/simplecode/simple/lint.go:787.55,789.3 1 1
github.com/wgliang/goreporter/linters/simplecode/simple/lint.go:792.46,793.23 1 1
github.com/wgliang/goreporter/linters/simplecode/simple/lint.go:796.2,796.33 1 1
github.com/wgliang/goreporter/linters/simplecode/simple/lint.go:810.2,810.55 1 1
github.com/wgliang/goreporter/linters/simplecode/simple/lint.go:793.23,795.3 1 1
github.com/wgliang/goreporter/linters/simplecode/simple/lint.go:796.33,798.10 2 1
github.com/wgliang/goreporter/linters/simplecode/simple/lint.go:801.3,801.53 1 1
github.com/wgliang/goreporter/linters/simplecode/simple/lint.go:804.3,804.54 1 1
github.com/wgliang/goreporter/linters/simplecode/simple/lint.go:807.3,808.14 2 1
github.com/wgliang/goreporter/linters/simplecode/simple/lint.go:798.10,800.4 1 1
github.com/wgliang/goreporter/linters/simplecode/simple/lint.go:801.53,803.4 1 1
github.com/wgliang/goreporter/linters/simplecode/simple/lint.go:804.54,806.4 1 1
github.com/wgliang/goreporter/linters/simplecode/simple/lint.go:810.55,812.3 1 1
github.com/wgliang/goreporter/linters/simplecode/simple/lint.go:815.50,816.34 1 1
github.com/wgliang/goreporter/linters/simplecode/simple/lint.go:929.2,929.55 1 1
github.com/wgliang/goreporter/linters/simplecode/simple/lint.go:816.34,818.27 2 1
github.com/wgliang/goreporter/linters/simplecode/simple/lint.go:826.3,826.17 1 1
github.com/wgliang/goreporter/linters/simplecode/simple/lint.go:830.3,830.35 1 1
github.com/wgliang/goreporter/linters/simplecode/simple/lint.go:926.3,927.14 2 1
github.com/wgliang/goreporter/linters/simplecode/simple/lint.go:819.22,820.24 1 1
github.com/wgliang/goreporter/linters/simplecode/simple/lint.go:821.21,822.24 1 1
github.com/wgliang/goreporter/linters/simplecode/simple/lint.go:823.11,824.15 1 1
github.com/wgliang/goreporter/linters/simplecode/simple/lint.go:826.17,828.4 1 1
github.com/wgliang/goreporter/linters/simplecode/simple/lint.go:830.35,832.11 2 1
github.com/wgliang/goreporter/linters/simplecode/simple/lint.go:835.4,835.27 1 1
github.com/wgliang/goreporter/linters/simplecode/simple/lint.go:839.3,840.36 1 1
github.com/wgliang/goreporter/linters/simplecode/simple/lint.go:924.4,924.15 1 1
github.com/wgliang/goreporter/linters/simplecode/simple/lint.go:832.11,834.5 1 1
github.com/wgliang/goreporter/linters/simplecode/simple/lint.go:835.27,837.5 1 1
github.com/wgliang/goreporter/linters/simplecode/simple/lint.go:840.36,841.31 1 1
github.com/wgliang/goreporter/linters/simplecode/simple/lint.go:844.5,844.14 1 1
github.com/wgliang/goreporter/linters/simplecode/simple/lint.go:852.5,853.58 2 1
github.com/wgliang/goreporter/linters/simplecode/simple/lint.go:856.5,857.56 2 1
github.com/wgliang/goreporter/linters/simplecode/simple/lint.go:860.5,861.12 2 1
github.com/wgliang/goreporter/linters/simplecode/simple/lint.go:866.5,867.38 2 1
github.com/wgliang/goreporter/linters/simplecode/simple/lint.go:870.5,871.38 2 1
github.com/wgliang/goreporter/linters/simplecode/simple/lint.go:878.5,878.66 1 1
github.com/wgliang/goreporter/linters/simplecode/simple/lint.go:883.5,884.38 2 1
github.com/wgliang/goreporter/linters/simplecode/simple/lint.go:887.5,888.38 2 1
github.com/wgliang/goreporter/linters/simplecode/simple/lint.go:895.5,897.13 2 1
github.com/wgliang/goreporter/linters/simplecode/simple/lint.go:900.5,900.50 1 1
github.com/wgliang/goreporter/linters/simplecode/simple/lint.go:906.5,907.22 2 1
github.com/wgliang/goreporter/linters/simplecode/simple/lint.go:910.5,913.29 3 1
github.com/wgliang/goreporter/linters/simplecode/simple/lint.go:920.5,922.61 1 1
github.com/wgliang/goreporter/linters/simplecode/simple/lint.go:841.31,842.11 1 1
github.com/wgliang/goreporter/linters/simplecode/simple/lint.go:844.14,846.52 1 1
github.com/wgliang/goreporter/linters/simplecode/simple/lint.go:846.52,847.15 1 1
github.com/wgliang/goreporter/linters/simplecode/simple/lint.go:853.58,854.14 1 1
github.com/wgliang/goreporter/linters/simplecode/simple/lint.go:857.56,858.14 1 1
github.com/wgliang/goreporter/linters/simplecode/simple/lint.go:861.12,862.14 1 0
github.com/wgliang/goreporter/linters/simplecode/simple/lint.go:867.38,868.14 1 0
github.com/wgliang/goreporter/linters/simplecode/simple/lint.go:871.38,873.13 2 1
github.com/wgliang/goreporter/linters/simplecode/simple/lint.go:876.6,876.65 1 1
github.com/wgliang/goreporter/linters/simplecode/simple/lint.go:873.13,874.21 1 1
github.com/wgliang/goreporter/linters/simplecode/simple/lint.go:878.66,879.14 1 0
github.com/wgliang/goreporter/linters/simplecode/simple/lint.go:884.38,885.14 1 1
github.com/wgliang/goreporter/linters/simplecode/simple/lint.go:888.38,890.13 2 1
github.com/wgliang/goreporter/linters/simplecode/simple/lint.go:893.6,893.65 1 1
github.com/wgliang/goreporter/linters/simplecode/simple/lint.go:890.13,891.21 1 0
github.com/wgliang/goreporter/linters/simplecode/simple/lint.go:897.13,898.14 1 0
github.com/wgliang/goreporter/linters/simplecode/simple/lint.go:900.50,901.26 1 1
github.com/wgliang/goreporter/linters/simplecode/simple/lint.go:901.26,902.21 1 1
github.com/wgliang/goreporter/linters/simplecode/simple/lint.go:907.22,908.14 1 0
github.com/wgliang/goreporter/linters/simplecode/simple/lint.go:913.29,917.14 1 1
github.com/wgliang/goreporter/linters/simplecode/simple/lint.go:929.55,931.3 1 1
github.com/wgliang/goreporter/linters/simplecode/simple/lint.go:934.53,935.33 1 1
github.com/wgliang/goreporter/linters/simplecode/simple/lint.go:959.2,959.55 1 1
github.com/wgliang/goreporter/linters/simplecode/simple/lint.go:935.33,937.10 2 1
github.com/wgliang/goreporter/linters/simplecode/simple/lint.go:940.3,940.37 1 1
github.com/wgliang/goreporter/linters/simplecode/simple/lint.go:943.3,943.31 1 1
github.com/wgliang/goreporter/linters/simplecode/simple/lint.go:957.3,957.14 1 1
github.com/wgliang/goreporter/linters/simplecode/simple/lint.go:937.10,939.4 1 1
github.com/wgliang/goreporter/linters/simplecode/simple/lint.go:940.37,942.4 1 1
github.com/wgliang/goreporter/linters/simplecode/simple/lint.go:943.31,945.25 2 1
github.com/wgliang/goreporter/linters/simplecode/simple/lint.go:948.4,949.11 2 1
github.com/wgliang/goreporter/linters/simplecode/simple/lint.go:952.4,952.30 1 1
github.com/wgliang/goreporter/linters/simplecode/simple/lint.go:955.4,955.58 1 1
github.com/wgliang/goreporter/linters/simplecode/simple/lint.go:945.25,946.13 1 1
github.com/wgliang/goreporter/linters/simplecode/simple/lint.go:949.11,950.13 1 1
github.com/wgliang/goreporter/linters/simplecode/simple/lint.go:952.30,953.13 1 0
github.com/wgliang/goreporter/linters/simplecode/simple/lint.go:959.55,961.3 1 1
github.com/wgliang/goreporter/linters/simplecode/simple/lint.go:964.46,965.38 1 1
github.com/wgliang/goreporter/linters/simplecode/simple/lint.go:976.2,976.40 1 1
github.com/wgliang/goreporter/linters/simplecode/simple/lint.go:987.2,987.46 1 1
github.com/wgliang/goreporter/linters/simplecode/simple/lint.go:995.2,995.33 1 1
github.com/wgliang/goreporter/linters/simplecode/simple/lint.go:1058.2,1058.55 1 1
github.com/wgliang/goreporter/linters/simplecode/simple/lint.go:965.38,967.10 2 1
github.com/wgliang/goreporter/linters/simplecode/simple/lint.go:970.3,970.21 1 1
github.com/wgliang/goreporter/linters/simplecode/simple/lint.go:974.3,974.15 1 1
github.com/wgliang/goreporter/linters/simplecode/simple/lint.go:967.10,969.4 1 0
github.com/wgliang/goreporter/linters/simplecode/simple/lint.go:971.31,972.15 1 1
github.com/wgliang/goreporter/linters/simplecode/simple/lint.go:976.40,978.10 2 1
github.com/wgliang/goreporter/linters/simplecode/simple/lint.go:981.3,981.37 1 1
github.com/wgliang/goreporter/linters/simplecode/simple/lint.go:984.3,985.28 2 1
github.com/wgliang/goreporter/linters/simplecode/simple/lint.go:978.10,980.4 1 1
github.com/wgliang/goreporter/linters/simplecode/simple/lint.go:981.37,983.4 1 0
github.com/wgliang/goreporter/linters/simplecode/simple/lint.go:987.46,988.21 1 1
github.com/wgliang/goreporter/linters/simplecode/simple/lint.go:991.3,992.48 2 1
github.com/wgliang/goreporter/linters/simplecode/simple/lint.go:988.21,990.4 1 1
github.com/wgliang/goreporter/linters/simplecode/simple/lint.go:995.33,997.10 2 1
github.com/wgliang/goreporter/linters/simplecode/simple/lint.go:1000.3,1000.55 1 1
github.com/wgliang/goreporter/linters/simplecode/simple/lint.go:1003.3,1003.26 1 1
github.com/wgliang/goreporter/linters/simplecode/simple/lint.go:1006.3,1006.72 1 1
github.com/wgliang/goreporter/linters/simplecode/simple/lint.go:1010.3,1011.35 2 1
github.com/wgliang/goreporter/linters/simplecode/simple/lint.go:1053.3,1053.14 1 1
github.com/wgliang/goreporter/linters/simplecode/simple/lint.go:1056.3,1056.14 1 1
github.com/wgliang/goreporter/linters/simplecode/simple/lint.go:997.10,999.4 1 1
github.com/wgliang/goreporter/linters/simplecode/simple/lint.go:1000.55,1002.4 1 1
github.com/wgliang/goreporter/linters/simplecode/simple/lint.go:1003.26,1005.4 1 0
github.com/wgliang/goreporter/linters/simplecode/simple/lint.go:1006.72,1008.4 1 1
github.com/wgliang/goreporter/linters/simplecode/simple/lint.go:1012.22,1013.24 1 1
github.com/wgliang/goreporter/linters/simplecode/simple/lint.go:1016.4,1017.11 2 1
github.com/wgliang/goreporter/linters/simplecode/simple/lint.go:1020.4,1021.70 2 1
github.com/wgliang/goreporter/linters/simplecode/simple/lint.go:1025.4,1025.34 1 1
github.com/wgliang/goreporter/linters/simplecode/simple/lint.go:1040.22,1041.27 1 1
github.com/wgliang/goreporter/linters/simplecode/simple/lint.go:1044.4,1045.26 2 1
github.com/wgliang/goreporter/linters/simplecode/simple/lint.go:1048.19,1049.27 1 1
github.com/wgliang/goreporter/linters/simplecode/simple/lint.go:1013.24,1015.5 1 0
github.com/wgliang/goreporter/linters/simplecode/simple/lint.go:1017.11,1019.5 1 0
github.com/wgliang/goreporter/linters/simplecode/simple/lint.go:1021.70,1023.5 1 0
github.com/wgliang/goreporter/linters/simplecode/simple/lint.go:1026.23,1028.27 2 1
github.com/wgliang/goreporter/linters/simplecode/simple/lint.go:1031.20,1032.48 1 1
github.com/wgliang/goreporter/linters/simplecode/simple/lint.go:1035.12,1036.30 1 1
github.com/wgliang/goreporter/linters/simplecode/simple/lint.go:1028.27,1030.6 1 1
github.com/wgliang/goreporter/linters/simplecode/simple/lint.go:1032.48,1034.6 1 1
github.com/wgliang/goreporter/linters/simplecode/simple/lint.go:1036.30,1038.6 1 1
github.com/wgliang/goreporter/linters/simplecode/simple/lint.go:1041.27,1043.5 1 0
github.com/wgliang/goreporter/linters/simplecode/simple/lint.go:1045.26,1047.5 1 1
github.com/wgliang/goreporter/linters/simplecode/simple/lint.go:1049.27,1051.5 1 1
github.com/wgliang/goreporter/linters/simplecode/simple/lint.go:1053.14,1055.4 1 1
github.com/wgliang/goreporter/linters/simplecode/simple/lint.go:1058.55,1060.3 1 1
github.com/wgliang/goreporter/linters/simplecode/simple/lint.go:1063.60,1064.33 1 1
github.com/wgliang/goreporter/linters/simplecode/simple/lint.go:1157.2,1157.55 1 1
github.com/wgliang/goreporter/linters/simplecode/simple/lint.go:1064.33,1066.10 2 1
github.com/wgliang/goreporter/linters/simplecode/simple/lint.go:1069.3,1070.18 2 1
github.com/wgliang/goreporter/linters/simplecode/simple/lint.go:1074.3,1075.10 2 1
github.com/wgliang/goreporter/linters/simplecode/simple/lint.go:1079.3,1082.68 4 1
github.com/wgliang/goreporter/linters/simplecode/simple/lint.go:1094.3,1094.25 1 1
github.com/wgliang/goreporter/linters/simplecode/simple/lint.go:1097.3,1097.32 1 1
github.com/wgliang/goreporter/linters/simplecode/simple/lint.go:1136.3,1136.13 1 1
github.com/wgliang/goreporter/linters/simplecode/simple/lint.go:1140.3,1140.18 1 1
github.com/wgliang/goreporter/linters/simplecode/simple/lint.go:1144.3,1145.10 2 1
github.com/wgliang/goreporter/linters/simplecode/simple/lint.go:1148.3,1148.19 1 1
github.com/wgliang/goreporter/linters/simplecode/simple/lint.go:1151.3,1151.32 1 1
github.com/wgliang/goreporter/linters/simplecode/simple/lint.go:1154.3,1155.14 2 1
github.com/wgliang/goreporter/linters/simplecode/simple/lint.go:1066.10,1068.4 1 1
github.com/wgliang/goreporter/linters/simplecode/simple/lint.go:1070.18,1072.4 1 0
github.com/wgliang/goreporter/linters/simplecode/simple/lint.go:1075.10,1077.4 1 0
github.com/wgliang/goreporter/linters/simplecode/simple/lint.go:1082.68,1084.11 2 1
github.com/wgliang/goreporter/linters/simplecode/simple/lint.go:1087.4,1088.11 2 1
github.com/wgliang/goreporter/linters/simplecode/simple/lint.go:1091.4,1092.33 2 1
github.com/wgliang/goreporter/linters/simplecode/simple/lint.go:1084.11,1086.5 1 0
github.com/wgliang/goreporter/linters/simplecode/simple/lint.go:1088.11,1090.5 1 0
github.com/wgliang/goreporter/linters/simplecode/simple/lint.go:1094.25,1096.4 1 0
github.com/wgliang/goreporter/linters/simplecode/simple/lint.go:1097.32,1102.29 5 1
github.com/wgliang/goreporter/linters/simplecode/simple/lint.go:1123.4,1123.11 1 1
github.com/wgliang/goreporter/linters/simplecode/simple/lint.go:1126.4,1126.32 1 1
github.com/wgliang/goreporter/linters/simplecode/simple/lint.go:1129.4,1129.43 1 1
github.com/wgliang/goreporter/linters/simplecode/simple/lint.go:1132.4,1133.14 2 1
github.com/wgliang/goreporter/linters/simplecode/simple/lint.go:1103.27,1105.12 2 1
github.com/wgliang/goreporter/linters/simplecode/simple/lint.go:1108.5,1108.66 1 1
github.com/wgliang/goreporter/linters/simplecode/simple/lint.go:1111.27,1114.12 3 1
github.com/wgliang/goreporter/linters/simplecode/simple/lint.go:1118.5,1118.50 1 1
github.com/wgliang/goreporter/linters/simplecode/simple/lint.go:1121.5,1121.38 1 1
github.com/wgliang/goreporter/linters/simplecode/simple/lint.go:1105.12,1107.6 1 0
github.com/wgliang/goreporter/linters/simplecode/simple/lint.go:1108.66,1110.6 1 1
github.com/wgliang/goreporter/linters/simplecode/simple/lint.go:1114.12,1116.6 1 0
github.com/wgliang/goreporter/linters/simplecode/simple/lint.go:1118.50,1120.6 1 1
github.com/wgliang/goreporter/linters/simplecode/simple/lint.go:1123.11,1125.5 1 1
github.com/wgliang/goreporter/linters/simplecode/simple/lint.go:1126.32,1128.5 1 0
github.com/wgliang/goreporter/linters/simplecode/simple/lint.go:1129.43,1131.5 1 0
github.com/wgliang/goreporter/linters/simplecode/simple/lint.go:1136.13,1138.4 1 1
github.com/wgliang/goreporter/linters/simplecode/simple/lint.go:1140.18,1142.4 1 0
github.com/wgliang/goreporter/linters/simplecode/simple/lint.go:1145.10,1147.4 1 0
github.com/wgliang/goreporter/linters/simplecode/simple/lint.go:1148.19,1150.4 1 1
github.com/wgliang/goreporter/linters/simplecode/simple/lint.go:1151.32,1153.4 1 0
github.com/wgliang/goreporter/linters/simplecode/simple/lint.go:1157.55,1159.3 1 1
github.com/wgliang/goreporter/linters/simplecode/simple/lint.go:1162.41,1163.53 1 1
github.com/wgliang/goreporter/linters/simplecode/simple/lint.go:1179.2,1179.57 1 1
github.com/wgliang/goreporter/linters/simplecode/simple/lint.go:1193.2,1193.33 1 1
github.com/wgliang/goreporter/linters/simplecode/simple/lint.go:1343.2,1343.55 1 1
github.com/wgliang/goreporter/linters/simplecode/simple/lint.go:1163.53,1164.53 1 1
github.com/wgliang/goreporter/linters/simplecode/simple/lint.go:1168.3,1168.32 1 1
github.com/wgliang/goreporter/linters/simplecode/simple/lint.go:1176.3,1176.15 1 1
github.com/wgliang/goreporter/linters/simplecode/simple/lint.go:1164.53,1166.4 1 0
github.com/wgliang/goreporter/linters/simplecode/simple/lint.go:1169.19,1170.46 1 1
github.com/wgliang/goreporter/linters/simplecode/simple/lint.go:1171.26,1172.45 1 1
github.com/wgliang/goreporter/linters/simplecode/simple/lint.go:1173.23,1174.45 1 1
github.com/wgliang/goreporter/linters/simplecode/simple/lint.go:1179.57,1181.10 2 1
github.com/wgliang/goreporter/linters/simplecode/simple/lint.go:1184.3,1184.63 1 1
github.com/wgliang/goreporter/linters/simplecode/simple/lint.go:1187.3,1187.26 1 1
github.com/wgliang/goreporter/linters/simplecode/simple/lint.go:1190.3,1190.45 1 1
github.com/wgliang/goreporter/linters/simplecode/simple/lint.go:1181.10,1183.4 1 0
github.com/wgliang/goreporter/linters/simplecode/simple/lint.go:1184.63,1186.4 1 0
github.com/wgliang/goreporter/linters/simplecode/simple/lint.go:1187.26,1189.4 1 0
github.com/wgliang/goreporter/linters/simplecode/simple/lint.go:1193.33,1198.10 4 1
github.com/wgliang/goreporter/linters/simplecode/simple/lint.go:1201.3,1201.25 1 1
github.com/wgliang/goreporter/linters/simplecode/simple/lint.go:1204.3,1204.25 1 1
github.com/wgliang/goreporter/linters/simplecode/simple/lint.go:1207.3,1207.33 1 1
github.com/wgliang/goreporter/linters/simplecode/simple/lint.go:1210.3,1211.10 2 1
github.com/wgliang/goreporter/linters/simplecode/simple/lint.go:1214.3,1215.10 2 1
github.com/wgliang/goreporter/linters/simplecode/simple/lint.go:1218.3,1218.38 1 1
github.com/wgliang/goreporter/linters/simplecode/simple/lint.go:1225.3,1225.42 1 1
github.com/wgliang/goreporter/linters/simplecode/simple/lint.go:1233.3,1234.10 2 1
github.com/wgliang/goreporter/linters/simplecode/simple/lint.go:1237.3,1237.33 1 1
github.com/wgliang/goreporter/linters/simplecode/simple/lint.go:1240.3,1240.51 1 1
github.com/wgliang/goreporter/linters/simplecode/simple/lint.go:1243.3,1243.55 1 1
github.com/wgliang/goreporter/linters/simplecode/simple/lint.go:1246.3,1247.10 2 1
github.com/wgliang/goreporter/linters/simplecode/simple/lint.go:1250.3,1250.19 1 1
github.com/wgliang/goreporter/linters/simplecode/simple/lint.go:1253.3,1253.49 1 1
github.com/wgliang/goreporter/linters/simplecode/simple/lint.go:1256.3,1257.14 2 1
github.com/wgliang/goreporter/linters/simplecode/simple/lint.go:1275.3,1275.32 1 1
github.com/wgliang/goreporter/linters/simplecode/simple/lint.go:1333.3,1334.14 2 1
github.com/wgliang/goreporter/linters/simplecode/simple/lint.go:1340.3,1341.14 2 1
github.com/wgliang/goreporter/linters/simplecode/simple/lint.go:1198.10,1200.4 1 1
github.com/wgliang/goreporter/linters/simplecode/simple/lint.go:1201.25,1203.4 1 1
github.com/wgliang/goreporter/linters/simplecode/simple/lint.go:1204.25,1206.4 1 1
github.com/wgliang/goreporter/linters/simplecode/simple/lint.go:1207.33,1209.4 1 1
github.com/wgliang/goreporter/linters/simplecode/simple/lint.go:1211.10,1213.4 1 1
github.com/wgliang/goreporter/linters/simplecode/simple/lint.go:1215.10,1217.4 1 1
github.com/wgliang/goreporter/linters/simplecode/simple/lint.go:1218.38,1220.4 1 1
github.com/wgliang/goreporter/linters/simplecode/simple/lint.go:1220.4,1220.43 1 1
github.com/wgliang/goreporter/linters/simplecode/simple/lint.go:1220.43,1222.4 1 1
github.com/wgliang/goreporter/linters/simplecode/simple/lint.go:1222.4,1224.4 1 0
github.com/wgliang/goreporter/linters/simplecode/simple/lint.go:1225.42,1227.4 1 1
github.com/wgliang/goreporter/linters/simplecode/simple/lint.go:1227.4,1227.49 1 1
github.com/wgliang/goreporter/linters/simplecode/simple/lint.go:1227.49,1229.4 1 1
github.com/wgliang/goreporter/linters/simplecode/simple/lint.go:1229.4,1231.4 1 0
github.com/wgliang/goreporter/linters/simplecode/simple/lint.go:1234.10,1236.4 1 0
github.com/wgliang/goreporter/linters/simplecode/simple/lint.go:1237.33,1239.4 1 0
github.com/wgliang/goreporter/linters/simplecode/simple/lint.go:1240.51,1242.4 1 0
github.com/wgliang/goreporter/linters/simplecode/simple/lint.go:1243.55,1245.4 1 1
github.com/wgliang/goreporter/linters/simplecode/simple/lint.go:1247.10,1249.4 1 0
github.com/wgliang/goreporter/linters/simplecode/simple/lint.go:1250.19,1252.4 1 0
github.com/wgliang/goreporter/linters/simplecode/simple/lint.go:1253.49,1255.4 1 1
github.com/wgliang/goreporter/linters/simplecode/simple/lint.go:1258.20,1261.25 1 1
github.com/wgliang/goreporter/linters/simplecode/simple/lint.go:1264.4,1264.21 1 1
github.com/wgliang/goreporter/linters/simplecode/simple/lint.go:1265.20,1266.24 1 1
github.com/wgliang/goreporter/linters/simplecode/simple/lint.go:1272.4,1272.22 1 1
github.com/wgliang/goreporter/linters/simplecode/simple/lint.go:1261.25,1263.5 1 1
github.com/wgliang/goreporter/linters/simplecode/simple/lint.go:1266.24,1268.22 2 0
github.com/wgliang/goreporter/linters/simplecode/simple/lint.go:1268.22,1270.6 1 0
github.com/wgliang/goreporter/linters/simplecode/simple/lint.go:1276.22,1277.26 1 1
github.com/wgliang/goreporter/linters/simplecode/simple/lint.go:1280.4,1280.65 1 1
github.com/wgliang/goreporter/linters/simplecode/simple/lint.go:1283.4,1283.28 1 1
github.com/wgliang/goreporter/linters/simplecode/simple/lint.go:1286.4,1287.43 2 1
github.com/wgliang/goreporter/linters/simplecode/simple/lint.go:1306.34,1307.26 1 1
github.com/wgliang/goreporter/linters/simplecode/simple/lint.go:1310.4,1310.24 1 1
github.com/wgliang/goreporter/linters/simplecode/simple/lint.go:1313.4,1315.49 3 1
github.com/wgliang/goreporter/linters/simplecode/simple/lint.go:1318.24,1319.26 1 1
github.com/wgliang/goreporter/linters/simplecode/simple/lint.go:1322.4,1322.29 1 1
github.com/wgliang/goreporter/linters/simplecode/simple/lint.go:1325.4,1326.46 1 1
github.com/wgliang/goreporter/linters/simplecode/simple/lint.go:1329.11,1330.15 1 0
github.com/wgliang/goreporter/linters/simplecode/simple/lint.go:1277.26,1279.5 1 0
github.com/wgliang/goreporter/linters/simplecode/simple/lint.go:1280.65,1282.5 1 1
github.com/wgliang/goreporter/linters/simplecode/simple/lint.go:1283.28,1285.5 1 0
github.com/wgliang/goreporter/linters/simplecode/simple/lint.go:1288.23,1289.25 1 1
github.com/wgliang/goreporter/linters/simplecode/simple/lint.go:1292.5,1293.12 2 1
github.com/wgliang/goreporter/linters/simplecode/simple/lint.go:1296.5,1298.33 3 1
github.com/wgliang/goreporter/linters/simplecode/simple/lint.go:1301.12,1302.35 1 1
github.com/wgliang/goreporter/linters/simplecode/simple/lint.go:1289.25,1291.6 1 0
github.com/wgliang/goreporter/linters/simplecode/simple/lint.go:1293.12,1295.6 1 0
github.com/wgliang/goreporter/linters/simplecode/simple/lint.go:1298.33,1300.6 1 0
github.com/wgliang/goreporter/linters/simplecode/simple/lint.go:1302.35,1304.6 1 1
github.com/wgliang/goreporter/linters/simplecode/simple/lint.go:1307.26,1309.5 1 0
github.com/wgliang/goreporter/linters/simplecode/simple/lint.go:1310.24,1312.5 1 0
github.com/wgliang/goreporter/linters/simplecode/simple/lint.go:1315.49,1317.5 1 1
github.com/wgliang/goreporter/linters/simplecode/simple/lint.go:1319.26,1321.5 1 1
github.com/wgliang/goreporter/linters/simplecode/simple/lint.go:1322.29,1324.5 1 1
github.com/wgliang/goreporter/linters/simplecode/simple/lint.go:1326.46,1328.5 1 1
github.com/wgliang/goreporter/linters/simplecode/simple/lint.go:1335.20,1336.30 1 1
github.com/wgliang/goreporter/linters/simplecode/simple/lint.go:1337.20,1338.30 1 1
github.com/wgliang/goreporter/linters/simplecode/simple/lint.go:1343.55,1345.3 1 1
github.com/wgliang/goreporter/linters/simplecode/simple/lint.go:1348.46,1354.33 1 1
github.com/wgliang/goreporter/linters/simplecode/simple/lint.go:1448.2,1448.55 1 1
github.com/wgliang/goreporter/linters/simplecode/simple/lint.go:1354.33,1366.98 2 1
github.com/wgliang/goreporter/linters/simplecode/simple/lint.go:1369.3,1370.89 2 1
github.com/wgliang/goreporter/linters/simplecode/simple/lint.go:1373.3,1374.10 2 1
github.com/wgliang/goreporter/linters/simplecode/simple/lint.go:1377.3,1378.35 2 1
github.com/wgliang/goreporter/linters/simplecode/simple/lint.go:1381.3,1382.82 2 1
github.com/wgliang/goreporter/linters/simplecode/simple/lint.go:1385.3,1386.33 2 1
github.com/wgliang/goreporter/linters/simplecode/simple/lint.go:1389.3,1390.79 2 1
github.com/wgliang/goreporter/linters/simplecode/simple/lint.go:1393.3,1394.10 2 1
github.com/wgliang/goreporter/linters/simplecode/simple/lint.go:1398.3,1399.88 2 1
github.com/wgliang/goreporter/linters/simplecode/simple/lint.go:1402.3,1403.10 2 1
github.com/wgliang/goreporter/linters/simplecode/simple/lint.go:1406.3,1407.10 2 1
github.com/wgliang/goreporter/linters/simplecode/simple/lint.go:1411.3,1412.10 2 1
github.com/wgliang/goreporter/linters/simplecode/simple/lint.go:1415.3,1416.10 2 1
github.com/wgliang/goreporter/linters/simplecode/simple/lint.go:1419.3,1421.19 3 1
github.com/wgliang/goreporter/linters/simplecode/simple/lint.go:1424.3,1424.60 1 1
github.com/wgliang/goreporter/linters/simplecode/simple/lint.go:1428.3,1429.81 2 1
github.com/wgliang/goreporter/linters/simplecode/simple/lint.go:1432.3,1433.36 2 1
github.com/wgliang/goreporter/linters/simplecode/simple/lint.go:1436.3,1437.10 2 1
github.com/wgliang/goreporter/linters/simplecode/simple/lint.go:1440.3,1441.79 2 1
github.com/wgliang/goreporter/linters/simplecode/simple/lint.go:1445.3,1446.14 2 1
github.com/wgliang/goreporter/linters/simplecode/simple/lint.go:1366.98,1368.4 1 1
github.com/wgliang/goreporter/linters/simplecode/simple/lint.go:1370.89,1372.4 1 1
github.com/wgliang/goreporter/linters/simplecode/simple/lint.go:1374.10,1376.4 1 0
github.com/wgliang/goreporter/linters/simplecode/simple/lint.go:1378.35,1380.4 1 0
github.com/wgliang/goreporter/linters/simplecode/simple/lint.go:1382.82,1384.4 1 0
github.com/wgliang/goreporter/linters/simplecode/simple/lint.go:1386.33,1388.4 1 1
github.com/wgliang/goreporter/linters/simplecode/simple/lint.go:1390.79,1392.4 1 0
github.com/wgliang/goreporter/linters/simplecode/simple/lint.go:1394.10,1396.4 1 0
github.com/wgliang/goreporter/linters/simplecode/simple/lint.go:1399.88,1401.4 1 0
github.com/wgliang/goreporter/linters/simplecode/simple/lint.go:1403.10,1405.4 1 0
github.com/wgliang/goreporter/linters/simplecode/simple/lint.go:1407.10,1409.4 1 0
github.com/wgliang/goreporter/linters/simplecode/simple/lint.go:1412.10,1414.4 1 0
github.com/wgliang/goreporter/linters/simplecode/simple/lint.go:1416.10,1418.4 1 0
github.com/wgliang/goreporter/linters/simplecode/simple/lint.go:1421.19,1423.4 1 0
github.com/wgliang/goreporter/linters/simplecode/simple/lint.go:1424.60,1426.4 1 0
github.com/wgliang/goreporter/linters/simplecode/simple/lint.go:1429.81,1431.4 1 0
github.com/wgliang/goreporter/linters/simplecode/simple/lint.go:1433.36,1435.4 1 0
github.com/wgliang/goreporter/linters/simplecode/simple/lint.go:1437.10,1439.4 1 0
github.com/wgliang/goreporter/linters/simplecode/simple/lint.go:1441.79,1443.4 1 0
github.com/wgliang/goreporter/linters/simplecode/simple/lint.go:1448.55,1450.3 1 1
github.com/wgliang/goreporter/linters/simplecode/simple/lint.go:1453.47,1454.33 1 1
github.com/wgliang/goreporter/linters/simplecode/simple/lint.go:1480.2,1480.55 1 1
github.com/wgliang/goreporter/linters/simplecode/simple/lint.go:1454.33,1456.10 2 1
github.com/wgliang/goreporter/linters/simplecode/simple/lint.go:1459.3,1459.64 1 1
github.com/wgliang/goreporter/linters/simplecode/simple/lint.go:1463.3,1463.25 1 1
github.com/wgliang/goreporter/linters/simplecode/simple/lint.go:1478.3,1478.15 1 1
github.com/wgliang/goreporter/linters/simplecode/simple/lint.go:1456.10,1458.4 1 1
github.com/wgliang/goreporter/linters/simplecode/simple/lint.go:1459.64,1462.4 1 1
github.com/wgliang/goreporter/linters/simplecode/simple/lint.go:1464.10,1466.84 1 1
github.com/wgliang/goreporter/linters/simplecode/simple/lint.go:1469.4,1469.33 1 1
github.com/wgliang/goreporter/linters/simplecode/simple/lint.go:1472.10,1474.56 1 1
github.com/wgliang/goreporter/linters/simplecode/simple/lint.go:1466.84,1467.10 1 1
github.com/wgliang/goreporter/linters/simplecode/simple/lint.go:1469.33,1471.5 1 1
github.com/wgliang/goreporter/linters/simplecode/simple/lint.go:1474.56,1476.5 1 1
github.com/wgliang/goreporter/linters/simplecode/simple/lint.go:1480.55,1482.3 1 1
github.com/wgliang/goreporter/linters/simplecode/simple/lint.go:1485.49,1486.59 1 1
github.com/wgliang/goreporter/linters/simplecode/simple/lint.go:1500.2,1500.58 1 1
github.com/wgliang/goreporter/linters/simplecode/simple/lint.go:1507.2,1507.33 1 1
github.com/wgliang/goreporter/linters/simplecode/simple/lint.go:1539.2,1539.55 1 1
github.com/wgliang/goreporter/linters/simplecode/simple/lint.go:1486.59,1488.36 2 1
github.com/wgliang/goreporter/linters/simplecode/simple/lint.go:1491.3,1492.37 2 1
github.com/wgliang/goreporter/linters/simplecode/simple/lint.go:1495.3,1495.25 1 1
github.com/wgliang/goreporter/linters/simplecode/simple/lint.go:1498.3,1498.14 1 1
github.com/wgliang/goreporter/linters/simplecode/simple/lint.go:1488.36,1490.4 1 1
github.com/wgliang/goreporter/linters/simplecode/simple/lint.go:1492.37,1494.4 1 0
github.com/wgliang/goreporter/linters/simplecode/simple/lint.go:1495.25,1497.4 1 0
github.com/wgliang/goreporter/linters/simplecode/simple/lint.go:1500.58,1502.37 2 1
github.com/wgliang/goreporter/linters/simplecode/simple/lint.go:1505.3,1505.14 1 1
github.com/wgliang/goreporter/linters/simplecode/simple/lint.go:1502.37,1504.4 1 1
github.com/wgliang/goreporter/linters/simplecode/simple/lint.go:1507.33,1509.10 2 1
github.com/wgliang/goreporter/linters/simplecode/simple/lint.go:1512.3,1513.90 2 1
github.com/wgliang/goreporter/linters/simplecode/simple/lint.go:1516.3,1517.10 2 1
github.com/wgliang/goreporter/linters/simplecode/simple/lint.go:1520.3,1521.36 2 1
github.com/wgliang/goreporter/linters/simplecode/simple/lint.go:1524.3,1525.10 2 1
github.com/wgliang/goreporter/linters/simplecode/simple/lint.go:1528.3,1529.10 2 1
github.com/wgliang/goreporter/linters/simplecode/simple/lint.go:1532.3,1533.75 1 1
github.com/wgliang/goreporter/linters/simplecode/simple/lint.go:1536.3,1537.14 2 1
github.com/wgliang/goreporter/linters/simplecode/simple/lint.go:1509.10,1511.4 1 1
github.com/wgliang/goreporter/linters/simplecode/simple/lint.go:1513.90,1515.4 1 1
github.com/wgliang/goreporter/linters/simplecode/simple/lint.go:1517.10,1519.4 1 0
github.com/wgliang/goreporter/linters/simplecode/simple/lint.go:1521.36,1523.4 1 1
github.com/wgliang/goreporter/linters/simplecode/simple/lint.go:1525.10,1527.4 1 0
github.com/wgliang/goreporter/linters/simplecode/simple/lint.go:1529.10,1531.4 1 0
github.com/wgliang/goreporter/linters/simplecode/simple/lint.go:1533.75,1535.4 1 1
github.com/wgliang/goreporter/linters/simplecode/simple/lint.go:1539.55,1541.3 1 1
github.com/wgliang/goreporter/linters/simplecode/simple/lint.go:1544.50,1545.33 1 1
github.com/wgliang/goreporter/linters/simplecode/simple/lint.go:1590.2,1590.55 1 1
github.com/wgliang/goreporter/linters/simplecode/simple/lint.go:1545.33,1547.10 2 1
github.com/wgliang/goreporter/linters/simplecode/simple/lint.go:1550.3,1550.26 1 1
github.com/wgliang/goreporter/linters/simplecode/simple/lint.go:1553.3,1553.55 1 1
github.com/wgliang/goreporter/linters/simplecode/simple/lint.go:1588.3,1588.14 1 1
github.com/wgliang/goreporter/linters/simplecode/simple/lint.go:1547.10,1549.4 1 1
github.com/wgliang/goreporter/linters/simplecode/simple/lint.go:1550.26,1552.4 1 1
github.com/wgliang/goreporter/linters/simplecode/simple/lint.go:1553.55,1556.11 3 1
github.com/wgliang/goreporter/linters/simplecode/simple/lint.go:1559.4,1560.62 2 1
github.com/wgliang/goreporter/linters/simplecode/simple/lint.go:1563.4,1564.62 2 1
github.com/wgliang/goreporter/linters/simplecode/simple/lint.go:1568.4,1569.41 2 1
github.com/wgliang/goreporter/linters/simplecode/simple/lint.go:1572.4,1572.52 1 1
github.com/wgliang/goreporter/linters/simplecode/simple/lint.go:1575.4,1576.11 2 1
github.com/wgliang/goreporter/linters/simplecode/simple/lint.go:1579.4,1579.39 1 1
github.com/wgliang/goreporter/linters/simplecode/simple/lint.go:1583.4,1583.54 1 1
github.com/wgliang/goreporter/linters/simplecode/simple/lint.go:1586.4,1586.84 1 1
github.com/wgliang/goreporter/linters/simplecode/simple/lint.go:1556.11,1557.13 1 1
github.com/wgliang/goreporter/linters/simplecode/simple/lint.go:1560.62,1561.13 1 1
github.com/wgliang/goreporter/linters/simplecode/simple/lint.go:1564.62,1565.13 1 1
github.com/wgliang/goreporter/linters/simplecode/simple/lint.go:1569.41,1570.13 1 1
github.com/wgliang/goreporter/linters/simplecode/simple/lint.go:1572.52,1573.13 1 0
github.com/wgliang/goreporter/linters/simplecode/simple/lint.go:1576.11,1577.13 1 0
github.com/wgliang/goreporter/linters/simplecode/simple/lint.go:1579.39,1580.13 1 1
github.com/wgliang/goreporter/linters/simplecode/simple/lint.go:1583.54,1584.13 1 1
github.com/wgliang/goreporter/linters/simplecode/simple/lint.go:1590.55,1592.3 1 1
github.com/wgliang/goreporter/linters/simplecode/simple/lint.go:1595.44,1596.33 1 1
github.com/wgliang/goreporter/linters/simplecode/simple/lint.go:1626.2,1626.55 1 1
github.com/wgliang/goreporter/linters/simplecode/simple/lint.go:1596.33,1598.10 2 1
github.com/wgliang/goreporter/linters/simplecode/simple/lint.go:1601.3,1601.51 1 1
github.com/wgliang/goreporter/linters/simplecode/simple/lint.go:1604.3,1604.35 1 1
github.com/wgliang/goreporter/linters/simplecode/simple/lint.go:1607.3,1607.38 1 1
github.com/wgliang/goreporter/linters/simplecode/simple/lint.go:1621.3,1624.14 4 1
github.com/wgliang/goreporter/linters/simplecode/simple/lint.go:1598.10,1600.4 1 1
github.com/wgliang/goreporter/linters/simplecode/simple/lint.go:1601.51,1603.4 1 1
github.com/wgliang/goreporter/linters/simplecode/simple/lint.go:1604.35,1606.4 1 1
github.com/wgliang/goreporter/linters/simplecode/simple/lint.go:1608.23,1611.76 1 1
github.com/wgliang/goreporter/linters/simplecode/simple/lint.go:1614.23,1615.29 1 1
github.com/wgliang/goreporter/linters/simplecode/simple/lint.go:1618.11,1619.15 1 1
github.com/wgliang/goreporter/linters/simplecode/simple/lint.go:1611.76,1613.5 1 0
github.com/wgliang/goreporter/linters/simplecode/simple/lint.go:1615.29,1617.5 1 0
github.com/wgliang/goreporter/linters/simplecode/simple/lint.go:1626.55,1628.3 1 1
github.com/wgliang/goreporter/linters/simplecode/simple/lint.go:1631.51,1632.33 1 1
github.com/wgliang/goreporter/linters/simplecode/simple/lint.go:1647.2,1647.55 1 1
github.com/wgliang/goreporter/linters/simplecode/simple/lint.go:1632.33,1634.10 2 1
github.com/wgliang/goreporter/linters/simplecode/simple/lint.go:1637.3,1637.27 1 1
github.com/wgliang/goreporter/linters/simplecode/simple/lint.go:1640.3,1641.62 2 1
github.com/wgliang/goreporter/linters/simplecode/simple/lint.go:1644.3,1645.14 2 1
github.com/wgliang/goreporter/linters/simplecode/simple/lint.go:1634.10,1636.4 1 1
github.com/wgliang/goreporter/linters/simplecode/simple/lint.go:1637.27,1639.4 1 1
github.com/wgliang/goreporter/linters/simplecode/simple/lint.go:1641.62,1643.4 1 1
github.com/wgliang/goreporter/linters/simplecode/simple/lint.go:1647.55,1649.3 1 1
github.com/wgliang/goreporter/linters/simplecode/simple/lint.go:1652.53,1653.42 1 1
github.com/wgliang/goreporter/linters/simplecode/simple/lint.go:1675.2,1675.33 1 1
github.com/wgliang/goreporter/linters/simplecode/simple/lint.go:1707.2,1707.55 1 1
github.com/wgliang/goreporter/linters/simplecode/simple/lint.go:1653.42,1655.15 2 1
github.com/wgliang/goreporter/linters/simplecode/simple/lint.go:1658.3,1659.10 2 1
github.com/wgliang/goreporter/linters/simplecode/simple/lint.go:1663.3,1664.30 2 1
github.com/wgliang/goreporter/linters/simplecode/simple/lint.go:1667.3,1667.31 1 1
github.com/wgliang/goreporter/linters/simplecode/simple/lint.go:1670.3,1670.75 1 1
github.com/wgliang/goreporter/linters/simplecode/simple/lint.go:1673.3,1673.14 1 1
github.com/wgliang/goreporter/linters/simplecode/simple/lint.go:1655.15,1657.4 1 1
github.com/wgliang/goreporter/linters/simplecode/simple/lint.go:1659.10,1662.4 1 0
github.com/wgliang/goreporter/linters/simplecode/simple/lint.go:1664.30,1666.4 1 1
github.com/wgliang/goreporter/linters/simplecode/simple/lint.go:1667.31,1669.4 1 1
github.com/wgliang/goreporter/linters/simplecode/simple/lint.go:1670.75,1672.4 1 0
github.com/wgliang/goreporter/linters/simplecode/simple/lint.go:1675.33,1677.10 2 1
github.com/wgliang/goreporter/linters/simplecode/simple/lint.go:1680.3,1680.49 1 1
github.com/wgliang/goreporter/linters/simplecode/simple/lint.go:1683.3,1683.26 1 1
github.com/wgliang/goreporter/linters/simplecode/simple/lint.go:1686.3,1686.62 1 1
github.com/wgliang/goreporter/linters/simplecode/simple/lint.go:1689.3,1693.22 4 1
github.com/wgliang/goreporter/linters/simplecode/simple/lint.go:1698.3,1698.65 1 1
github.com/wgliang/goreporter/linters/simplecode/simple/lint.go:1705.3,1705.14 1 1
github.com/wgliang/goreporter/linters/simplecode/simple/lint.go:1677.10,1679.4 1 1
github.com/wgliang/goreporter/linters/simplecode/simple/lint.go:1680.49,1682.4 1 1
github.com/wgliang/goreporter/linters/simplecode/simple/lint.go:1683.26,1685.4 1 1
github.com/wgliang/goreporter/linters/simplecode/simple/lint.go:1686.62,1688.4 1 1
github.com/wgliang/goreporter/linters/simplecode/simple/lint.go:1693.22,1696.4 2 1
github.com/wgliang/goreporter/linters/simplecode/simple/lint.go:1698.65,1699.53 1 1
github.com/wgliang/goreporter/linters/simplecode/simple/lint.go:1699.53,1701.5 1 1
github.com/wgliang/goreporter/linters/simplecode/simple/lint.go:1701.5,1703.5 1 1
github.com/wgliang/goreporter/linters/simplecode/simple/lint.go:1707.55,1709.3 1 1
github.com/wgliang/goreporter/linters/simplecode/simple/lint.go:1712.47,1713.42 1 1
github.com/wgliang/goreporter/linters/simplecode/simple/lint.go:1717.2,1717.33 1 1
github.com/wgliang/goreporter/linters/simplecode/simple/lint.go:1765.2,1765.55 1 1
github.com/wgliang/goreporter/linters/simplecode/simple/lint.go:1713.42,1716.3 2 1
github.com/wgliang/goreporter/linters/simplecode/simple/lint.go:1717.33,1718.27 1 1
github.com/wgliang/goreporter/linters/simplecode/simple/lint.go:1763.3,1763.14 1 1
github.com/wgliang/goreporter/linters/simplecode/simple/lint.go:1719.24,1720.25 1 1
github.com/wgliang/goreporter/linters/simplecode/simple/lint.go:1723.4,1725.16 3 1
github.com/wgliang/goreporter/linters/simplecode/simple/lint.go:1728.4,1729.11 2 1
github.com/wgliang/goreporter/linters/simplecode/simple/lint.go:1737.4,1738.33 1 1
github.com/wgliang/goreporter/linters/simplecode/simple/lint.go:1739.22,1741.40 2 1
github.com/wgliang/goreporter/linters/simplecode/simple/lint.go:1744.4,1745.11 2 1
github.com/wgliang/goreporter/linters/simplecode/simple/lint.go:1748.4,1749.11 2 1
github.com/wgliang/goreporter/linters/simplecode/simple/lint.go:1752.4,1753.38 2 1
github.com/wgliang/goreporter/linters/simplecode/simple/lint.go:1756.4,1757.40 2 1
github.com/wgliang/goreporter/linters/simplecode/simple/lint.go:1760.4,1761.43 1 1
github.com/wgliang/goreporter/linters/simplecode/simple/lint.go:1720.25,1721.10 1 1
github.com/wgliang/goreporter/linters/simplecode/simple/lint.go:1725.16,1726.10 1 1
github.com/wgliang/goreporter/linters/simplecode/simple/lint.go:1730.29,1731.15 1 1
github.com/wgliang/goreporter/linters/simplecode/simple/lint.go:1732.29,1733.15 1 1
github.com/wgliang/goreporter/linters/simplecode/simple/lint.go:1734.12,1735.16 1 1
github.com/wgliang/goreporter/linters/simplecode/simple/lint.go:1741.40,1742.10 1 1
github.com/wgliang/goreporter/linters/simplecode/simple/lint.go:1745.11,1746.10 1 0
github.com/wgliang/goreporter/linters/simplecode/simple/lint.go:1749.11,1750.10 1 0
github.com/wgliang/goreporter/linters/simplecode/simple/lint.go:1753.38,1754.10 1 1
github.com/wgliang/goreporter/linters/simplecode/simple/lint.go:1757.40,1758.10 1 1
github.com/wgliang/goreporter/linters/simplecode/simple/lint.go:1765.55,1767.3 1 1
